{"/Users/ifeanyiochiagha/Movies/Recipe-Shop/server/server.js": {"path":"/Users/ifeanyiochiagha/Movies/Recipe-Shop/server/server.js","statementMap":{"0":{"start":{"line":1,"column":16},"end":{"line":1,"column":34}},"1":{"start":{"line":2,"column":12},"end":{"line":2,"column":21}},"2":{"start":{"line":3,"column":13},"end":{"line":3,"column":15}},"3":{"start":{"line":4,"column":0},"end":{"line":4,"column":27}},"4":{"start":{"line":5,"column":18},"end":{"line":5,"column":49}},"5":{"start":{"line":6,"column":18},"end":{"line":6,"column":41}},"6":{"start":{"line":7,"column":13},"end":{"line":7,"column":28}},"7":{"start":{"line":8,"column":17},"end":{"line":8,"column":36}},"8":{"start":{"line":9,"column":18},"end":{"line":9,"column":42}},"9":{"start":{"line":12,"column":0},"end":{"line":12,"column":72}},"10":{"start":{"line":14,"column":0},"end":{"line":14,"column":27}},"11":{"start":{"line":15,"column":0},"end":{"line":15,"column":24}},"12":{"start":{"line":17,"column":0},"end":{"line":20,"column":3}},"13":{"start":{"line":19,"column":4},"end":{"line":19,"column":79}},"14":{"start":{"line":23,"column":0},"end":{"line":37,"column":3}},"15":{"start":{"line":24,"column":4},"end":{"line":35,"column":5}},"16":{"start":{"line":25,"column":52},"end":{"line":25,"column":60}},"17":{"start":{"line":26,"column":21},"end":{"line":26,"column":56}},"18":{"start":{"line":27,"column":4},"end":{"line":29,"column":5}},"19":{"start":{"line":28,"column":8},"end":{"line":28,"column":73}},"20":{"start":{"line":30,"column":20},"end":{"line":30,"column":84}},"21":{"start":{"line":31,"column":4},"end":{"line":31,"column":93}},"22":{"start":{"line":34,"column":4},"end":{"line":34,"column":95}},"23":{"start":{"line":39,"column":0},"end":{"line":54,"column":3}},"24":{"start":{"line":40,"column":4},"end":{"line":53,"column":5}},"25":{"start":{"line":41,"column":39},"end":{"line":41,"column":47}},"26":{"start":{"line":42,"column":25},"end":{"line":42,"column":62}},"27":{"start":{"line":43,"column":8},"end":{"line":45,"column":9}},"28":{"start":{"line":44,"column":12},"end":{"line":44,"column":70}},"29":{"start":{"line":46,"column":8},"end":{"line":50,"column":9}},"30":{"start":{"line":47,"column":12},"end":{"line":47,"column":74}},"31":{"start":{"line":49,"column":12},"end":{"line":49,"column":74}},"32":{"start":{"line":52,"column":8},"end":{"line":52,"column":74}},"33":{"start":{"line":57,"column":0},"end":{"line":70,"column":2}},"34":{"start":{"line":58,"column":4},"end":{"line":69,"column":7}},"35":{"start":{"line":59,"column":29},"end":{"line":59,"column":37}},"36":{"start":{"line":60,"column":21},"end":{"line":60,"column":58}},"37":{"start":{"line":62,"column":8},"end":{"line":66,"column":9}},"38":{"start":{"line":63,"column":10},"end":{"line":63,"column":56}},"39":{"start":{"line":65,"column":10},"end":{"line":65,"column":57}},"40":{"start":{"line":68,"column":8},"end":{"line":68,"column":62}},"41":{"start":{"line":73,"column":0},"end":{"line":79,"column":7}},"42":{"start":{"line":75,"column":8},"end":{"line":75,"column":55}},"43":{"start":{"line":78,"column":8},"end":{"line":78,"column":58}},"44":{"start":{"line":81,"column":4},"end":{"line":93,"column":5}},"45":{"start":{"line":83,"column":23},"end":{"line":85,"column":10}},"46":{"start":{"line":84,"column":12},"end":{"line":84,"column":70}},"47":{"start":{"line":88,"column":8},"end":{"line":88,"column":41}},"48":{"start":{"line":91,"column":8},"end":{"line":91,"column":73}},"49":{"start":{"line":92,"column":8},"end":{"line":92,"column":33}}},"fnMap":{"0":{"name":"(anonymous_0)","decl":{"start":{"line":17,"column":13},"end":{"line":17,"column":14}},"loc":{"start":{"line":17,"column":27},"end":{"line":20,"column":1}},"line":17},"1":{"name":"(anonymous_1)","decl":{"start":{"line":23,"column":23},"end":{"line":23,"column":24}},"loc":{"start":{"line":23,"column":43},"end":{"line":37,"column":1}},"line":23},"2":{"name":"(anonymous_2)","decl":{"start":{"line":39,"column":19},"end":{"line":39,"column":20}},"loc":{"start":{"line":39,"column":39},"end":{"line":54,"column":1}},"line":39},"3":{"name":"(anonymous_3)","decl":{"start":{"line":57,"column":23},"end":{"line":57,"column":24}},"loc":{"start":{"line":57,"column":40},"end":{"line":70,"column":1}},"line":57},"4":{"name":"(anonymous_4)","decl":{"start":{"line":74,"column":10},"end":{"line":74,"column":11}},"loc":{"start":{"line":74,"column":16},"end":{"line":76,"column":5}},"line":74},"5":{"name":"(anonymous_5)","decl":{"start":{"line":77,"column":11},"end":{"line":77,"column":12}},"loc":{"start":{"line":77,"column":22},"end":{"line":79,"column":5}},"line":77},"6":{"name":"(anonymous_6)","decl":{"start":{"line":83,"column":40},"end":{"line":83,"column":41}},"loc":{"start":{"line":83,"column":46},"end":{"line":85,"column":9}},"line":83}},"branchMap":{"0":{"loc":{"start":{"line":27,"column":4},"end":{"line":29,"column":5}},"type":"if","locations":[{"start":{"line":27,"column":4},"end":{"line":29,"column":5}},{"start":{},"end":{}}],"line":27},"1":{"loc":{"start":{"line":43,"column":8},"end":{"line":45,"column":9}},"type":"if","locations":[{"start":{"line":43,"column":8},"end":{"line":45,"column":9}},{"start":{},"end":{}}],"line":43},"2":{"loc":{"start":{"line":46,"column":8},"end":{"line":50,"column":9}},"type":"if","locations":[{"start":{"line":46,"column":8},"end":{"line":50,"column":9}},{"start":{"line":48,"column":15},"end":{"line":50,"column":9}}],"line":46},"3":{"loc":{"start":{"line":62,"column":8},"end":{"line":66,"column":9}},"type":"if","locations":[{"start":{"line":62,"column":8},"end":{"line":66,"column":9}},{"start":{"line":64,"column":15},"end":{"line":66,"column":9}}],"line":62},"4":{"loc":{"start":{"line":81,"column":4},"end":{"line":93,"column":5}},"type":"if","locations":[{"start":{"line":81,"column":4},"end":{"line":93,"column":5}},{"start":{"line":89,"column":11},"end":{"line":93,"column":5}}],"line":81}},"s":{"0":2,"1":2,"2":2,"3":2,"4":2,"5":2,"6":2,"7":2,"8":2,"9":2,"10":2,"11":2,"12":2,"13":0,"14":2,"15":3,"16":3,"17":3,"18":2,"19":1,"20":1,"21":1,"22":1,"23":2,"24":4,"25":4,"26":4,"27":3,"28":1,"29":2,"30":1,"31":1,"32":1,"33":2,"34":0,"35":0,"36":0,"37":0,"38":0,"39":0,"40":0,"41":2,"42":2,"43":0,"44":2,"45":0,"46":0,"47":0,"48":2,"49":2},"f":{"0":0,"1":3,"2":4,"3":0,"4":2,"5":0,"6":0},"b":{"0":[1,1],"1":[1,2],"2":[1,1],"3":[0,0],"4":[0,2]},"_coverageSchema":"1a1c01bbd47fc00a2c39e90264f33305004495a9","hash":"45f636d1bcc677cb5abc0aba07ec62bb4f71a018"}
,"/Users/ifeanyiochiagha/Movies/Recipe-Shop/server/routes/api.js": {"path":"/Users/ifeanyiochiagha/Movies/Recipe-Shop/server/routes/api.js","statementMap":{"0":{"start":{"line":1,"column":16},"end":{"line":1,"column":34}},"1":{"start":{"line":2,"column":15},"end":{"line":2,"column":31}},"2":{"start":{"line":3,"column":14},"end":{"line":3,"column":30}},"3":{"start":{"line":6,"column":0},"end":{"line":6,"column":27}},"4":{"start":{"line":7,"column":15},"end":{"line":7,"column":43}},"5":{"start":{"line":8,"column":16},"end":{"line":8,"column":45}},"6":{"start":{"line":9,"column":19},"end":{"line":9,"column":58}},"7":{"start":{"line":12,"column":0},"end":{"line":14,"column":3}},"8":{"start":{"line":13,"column":4},"end":{"line":13,"column":71}},"9":{"start":{"line":17,"column":0},"end":{"line":42,"column":3}},"10":{"start":{"line":19,"column":19},"end":{"line":26,"column":5}},"11":{"start":{"line":27,"column":26},"end":{"line":27,"column":30}},"12":{"start":{"line":29,"column":4},"end":{"line":41,"column":10}},"13":{"start":{"line":32,"column":12},"end":{"line":32,"column":39}},"14":{"start":{"line":34,"column":12},"end":{"line":36,"column":13}},"15":{"start":{"line":35,"column":16},"end":{"line":35,"column":59}},"16":{"start":{"line":39,"column":12},"end":{"line":39,"column":62}},"17":{"start":{"line":45,"column":0},"end":{"line":67,"column":3}},"18":{"start":{"line":46,"column":19},"end":{"line":50,"column":5}},"19":{"start":{"line":52,"column":19},"end":{"line":52,"column":42}},"20":{"start":{"line":53,"column":26},"end":{"line":53,"column":30}},"21":{"start":{"line":54,"column":4},"end":{"line":66,"column":10}},"22":{"start":{"line":57,"column":12},"end":{"line":57,"column":39}},"23":{"start":{"line":59,"column":12},"end":{"line":61,"column":13}},"24":{"start":{"line":60,"column":16},"end":{"line":60,"column":59}},"25":{"start":{"line":64,"column":12},"end":{"line":64,"column":62}},"26":{"start":{"line":71,"column":0},"end":{"line":77,"column":3}},"27":{"start":{"line":74,"column":4},"end":{"line":74,"column":39}},"28":{"start":{"line":76,"column":4},"end":{"line":76,"column":53}},"29":{"start":{"line":79,"column":0},"end":{"line":79,"column":24}}},"fnMap":{"0":{"name":"(anonymous_0)","decl":{"start":{"line":12,"column":16},"end":{"line":12,"column":17}},"loc":{"start":{"line":12,"column":30},"end":{"line":14,"column":1}},"line":12},"1":{"name":"(anonymous_1)","decl":{"start":{"line":17,"column":29},"end":{"line":17,"column":30}},"loc":{"start":{"line":17,"column":52},"end":{"line":42,"column":1}},"line":17},"2":{"name":"(anonymous_2)","decl":{"start":{"line":31,"column":14},"end":{"line":31,"column":15}},"loc":{"start":{"line":31,"column":23},"end":{"line":37,"column":9}},"line":31},"3":{"name":"(anonymous_3)","decl":{"start":{"line":38,"column":15},"end":{"line":38,"column":16}},"loc":{"start":{"line":38,"column":26},"end":{"line":41,"column":9}},"line":38},"4":{"name":"(anonymous_4)","decl":{"start":{"line":45,"column":32},"end":{"line":45,"column":33}},"loc":{"start":{"line":45,"column":55},"end":{"line":67,"column":1}},"line":45},"5":{"name":"(anonymous_5)","decl":{"start":{"line":56,"column":14},"end":{"line":56,"column":15}},"loc":{"start":{"line":56,"column":23},"end":{"line":62,"column":9}},"line":56},"6":{"name":"(anonymous_6)","decl":{"start":{"line":63,"column":15},"end":{"line":63,"column":16}},"loc":{"start":{"line":63,"column":26},"end":{"line":66,"column":9}},"line":63},"7":{"name":"(anonymous_7)","decl":{"start":{"line":71,"column":25},"end":{"line":71,"column":26}},"loc":{"start":{"line":71,"column":39},"end":{"line":77,"column":1}},"line":71}},"branchMap":{"0":{"loc":{"start":{"line":34,"column":12},"end":{"line":36,"column":13}},"type":"if","locations":[{"start":{"line":34,"column":12},"end":{"line":36,"column":13}},{"start":{},"end":{}}],"line":34},"1":{"loc":{"start":{"line":59,"column":12},"end":{"line":61,"column":13}},"type":"if","locations":[{"start":{"line":59,"column":12},"end":{"line":61,"column":13}},{"start":{},"end":{}}],"line":59}},"s":{"0":3,"1":3,"2":3,"3":3,"4":3,"5":3,"6":3,"7":3,"8":1,"9":3,"10":1,"11":1,"12":1,"13":1,"14":1,"15":1,"16":0,"17":3,"18":2,"19":2,"20":2,"21":2,"22":1,"23":1,"24":1,"25":1,"26":3,"27":1,"28":1,"29":3},"f":{"0":1,"1":1,"2":1,"3":0,"4":2,"5":1,"6":1,"7":1},"b":{"0":[1,0],"1":[1,0]},"_coverageSchema":"1a1c01bbd47fc00a2c39e90264f33305004495a9","hash":"75e3699ea0892bb6cd0d5331091401e871327281"}
}
