TN:
SF:server.js
FN:17,(anonymous_0)
FN:23,(anonymous_1)
FN:39,(anonymous_2)
FN:57,(anonymous_3)
FN:74,(anonymous_4)
FN:77,(anonymous_5)
FN:83,(anonymous_6)
FNF:7
FNH:3
FNDA:0,(anonymous_0)
FNDA:3,(anonymous_1)
FNDA:4,(anonymous_2)
FNDA:0,(anonymous_3)
FNDA:2,(anonymous_4)
FNDA:0,(anonymous_5)
FNDA:0,(anonymous_6)
DA:1,2
DA:2,2
DA:3,2
DA:4,2
DA:5,2
DA:6,2
DA:7,2
DA:8,2
DA:9,2
DA:12,2
DA:14,2
DA:15,2
DA:17,2
DA:19,0
DA:23,2
DA:24,3
DA:25,3
DA:26,3
DA:27,2
DA:28,1
DA:30,1
DA:31,1
DA:34,1
DA:39,2
DA:40,4
DA:41,4
DA:42,4
DA:43,3
DA:44,1
DA:46,2
DA:47,1
DA:49,1
DA:52,1
DA:57,2
DA:58,0
DA:59,0
DA:60,0
DA:62,0
DA:63,0
DA:65,0
DA:68,0
DA:73,2
DA:75,2
DA:78,0
DA:81,2
DA:83,0
DA:84,0
DA:88,0
DA:91,2
DA:92,2
LF:50
LH:38
BRDA:27,0,0,1
BRDA:27,0,1,1
BRDA:43,1,0,1
BRDA:43,1,1,2
BRDA:46,2,0,1
BRDA:46,2,1,1
BRDA:62,3,0,0
BRDA:62,3,1,0
BRDA:81,4,0,0
BRDA:81,4,1,2
BRF:10
BRH:7
end_of_record
TN:
SF:routes/api.js
FN:12,(anonymous_0)
FN:17,(anonymous_1)
FN:31,(anonymous_2)
FN:38,(anonymous_3)
FN:45,(anonymous_4)
FN:56,(anonymous_5)
FN:63,(anonymous_6)
FN:71,(anonymous_7)
FNF:8
FNH:7
FNDA:1,(anonymous_0)
FNDA:1,(anonymous_1)
FNDA:1,(anonymous_2)
FNDA:0,(anonymous_3)
FNDA:2,(anonymous_4)
FNDA:1,(anonymous_5)
FNDA:1,(anonymous_6)
FNDA:1,(anonymous_7)
DA:1,3
DA:2,3
DA:3,3
DA:6,3
DA:7,3
DA:8,3
DA:9,3
DA:12,3
DA:13,1
DA:17,3
DA:19,1
DA:27,1
DA:29,1
DA:32,1
DA:34,1
DA:35,1
DA:39,0
DA:45,3
DA:46,2
DA:52,2
DA:53,2
DA:54,2
DA:57,1
DA:59,1
DA:60,1
DA:64,1
DA:71,3
DA:74,1
DA:76,1
DA:79,3
LF:30
LH:29
BRDA:34,0,0,1
BRDA:34,0,1,0
BRDA:59,1,0,1
BRDA:59,1,1,0
BRF:4
BRH:2
end_of_record
